<?xml version="1.0" encoding="UTF-8"?>
<!-- Generated by org.testng.reporters.JUnitReportReporter -->
<testsuite skipped="0" hostname="SLB-DW752X2" name="Academy.HomePage" tests="1" failures="0" timestamp="11 Jul 2020 21:08:38 GMT" time="9.078" errors="0">
  <testcase name="basePageNavigation" time="9.078" classname="Academy.HomePage"/>
</testsuite> <!-- Academy.HomePage -->
