<?xml version="1.0" encoding="UTF-8"?>
<!-- Generated by org.testng.reporters.JUnitReportReporter -->
<testsuite skipped="0" hostname="SLB-DW752X2" name="Academy.VerifyText" tests="1" failures="0" timestamp="11 Jul 2020 21:08:38 GMT" time="0.376" errors="0">
  <testcase name="verifyText" time="0.376" classname="Academy.VerifyText"/>
</testsuite> <!-- Academy.VerifyText -->
