<?xml version="1.0" encoding="UTF-8"?>
<!-- Generated by org.testng.reporters.JUnitReportReporter -->
<testsuite skipped="0" hostname="SLB-DW752X2" name="WebSites.Google" tests="3" failures="0" timestamp="2020-04-21T02:32:17 IST" time="21.712" errors="0">
  <testcase name="Google_Login" time="7.268" classname="WebSites.Google"/>
  <testcase name="Google_EnterString" time="5.370" classname="WebSites.Google"/>
  <testcase name="Google_GetLinks" time="9.074" classname="WebSites.Google"/>
</testsuite> <!-- WebSites.Google -->
