<?xml version="1.0" encoding="UTF-8"?>
<!-- Generated by org.testng.reporters.JUnitReportReporter -->
<testsuite skipped="0" hostname="SLB-DW752X2" name="WebSites.Fb" tests="3" failures="0" timestamp="2020-04-21T02:32:17 IST" time="19.268" errors="0">
  <testcase name="Fb_Credentials" time="6.411" classname="WebSites.Fb"/>
  <testcase name="Fb_Credentials" time="6.403" classname="WebSites.Fb"/>
  <testcase name="Fb_Credentials" time="6.454" classname="WebSites.Fb"/>
</testsuite> <!-- WebSites.Fb -->
