<?xml version="1.0" encoding="UTF-8"?>
<!-- Generated by org.testng.reporters.JUnitReportReporter -->
<testsuite skipped="0" hostname="SLB-DW752X2" name="T.PLoan" tests="2" failures="0" timestamp="2020-06-24T00:04:37 IST" time="0.002" errors="0">
  <testcase name="PloanMobileLogin" time="0.001" classname="T.PLoan"/>
  <testcase name="Smoke3" time="0.001" classname="T.PLoan"/>
</testsuite> <!-- T.PLoan -->
