<?xml version="1.0" encoding="UTF-8"?>
<!-- Generated by org.testng.reporters.JUnitReportReporter -->
<testsuite skipped="0" hostname="SLB-DW752X2" name="T.CLoan" tests="7" failures="0" timestamp="2020-06-24T00:04:37 IST" time="0.013" errors="0">
  <testcase name="CloanAPILogin" time="0.001" classname="T.CLoan"/>
  <testcase name="CloanWLogin" time="0.002" classname="T.CLoan"/>
  <testcase name="CloanMLogin" time="0.001" classname="T.CLoan"/>
  <testcase name="CloanAPILogin" time="0.005" classname="T.CLoan"/>
  <testcase name="CloanMLogin" time="0.002" classname="T.CLoan"/>
  <testcase name="Smoke1" time="0.001" classname="T.CLoan"/>
  <testcase name="CloanWLogin" time="0.001" classname="T.CLoan"/>
</testsuite> <!-- T.CLoan -->
