<?xml version="1.0" encoding="UTF-8"?>
<!-- Generated by org.testng.reporters.JUnitReportReporter -->
<testsuite skipped="0" hostname="SLB-DW752X2" name="WebSites.Youtube" tests="1" failures="0" timestamp="2020-04-21T02:32:17 IST" time="12.482" errors="0">
  <testcase name="Youtube_SearchOperation" time="12.482" classname="WebSites.Youtube"/>
</testsuite> <!-- WebSites.Youtube -->
