<?xml version="1.0" encoding="UTF-8"?>
<!-- Generated by org.testng.reporters.JUnitReportReporter -->
<testsuite skipped="0" hostname="SLB-DW752X2" name="TestNG.TestNG_1" tests="2" failures="0" timestamp="2020-02-12T16:02:46 IST" time="0.010" errors="0">
  <testcase name="Demo" time="0.009" classname="TestNG.TestNG_1"/>
  <testcase name="Demo_Test_2" time="0.001" classname="TestNG.TestNG_1"/>
</testsuite> <!-- TestNG.TestNG_1 -->
