<?xml version="1.0" encoding="UTF-8"?>
<!-- Generated by org.testng.reporters.JUnitReportReporter -->
<testsuite skipped="0" hostname="SLB-DW752X2" name="WebSites.TitleExtract" tests="1" failures="0" timestamp="2020-04-22T01:38:26 IST" time="0.010" errors="0">
  <testcase name="Title" time="0.010" classname="WebSites.TitleExtract"/>
</testsuite> <!-- WebSites.TitleExtract -->
