<?xml version="1.0" encoding="UTF-8"?>
<!-- Generated by org.testng.reporters.JUnitReportReporter -->
<testsuite skipped="0" hostname="SLB-DW752X2" name="Academy.VerifyText" tests="1" failures="0" timestamp="23 Jun 2020 18:53:40 GMT" time="0.074" errors="0">
  <testcase name="verifyText" time="0.074" classname="Academy.VerifyText"/>
</testsuite> <!-- Academy.VerifyText -->
