<?xml version="1.0" encoding="UTF-8"?>
<!-- Generated by org.testng.reporters.JUnitReportReporter -->
<testsuite skipped="0" hostname="SLB-DW752X2" name="Academy.navBarCheck" tests="1" failures="0" timestamp="23 Jun 2020 18:53:40 GMT" time="0.096" errors="0">
  <testcase name="navigationBarCheck" time="0.096" classname="Academy.navBarCheck"/>
</testsuite> <!-- Academy.navBarCheck -->
