<?xml version="1.0" encoding="UTF-8"?>
<!-- Generated by org.testng.reporters.JUnitReportReporter -->
<testsuite skipped="0" hostname="SLB-DW752X2" name="Academy.HomePage" tests="1" failures="0" timestamp="23 Jun 2020 18:53:40 GMT" time="5.161" errors="0">
  <testcase name="basePageNavigation" time="5.161" classname="Academy.HomePage"/>
</testsuite> <!-- Academy.HomePage -->
