<?xml version="1.0" encoding="UTF-8"?>
<!-- Generated by org.testng.reporters.JUnitReportReporter -->
<testsuite skipped="0" hostname="SLB-DW752X2" name="SeleniumSessions.ExtentReportsDemo.ExtentReportPractise" tests="1" failures="0" timestamp="05 Jul 2020 09:22:42 GMT" time="10.532" errors="0">
  <testcase name="Demo" time="10.532" classname="SeleniumSessions.ExtentReportsDemo.ExtentReportPractise"/>
</testsuite> <!-- SeleniumSessions.ExtentReportsDemo.ExtentReportPractise -->
