<?xml version="1.0" encoding="UTF-8"?>
<!-- Generated by org.testng.reporters.JUnitReportReporter -->
<testsuite skipped="0" hostname="SLB-DW752X2" name="TestCases.SearchYoutube" tests="1" failures="0" timestamp="2020-03-11T18:18:27 IST" time="6.458" errors="0">
  <testcase name="YoutubeSearch" time="6.458" classname="TestCases.SearchYoutube"/>
</testsuite> <!-- TestCases.SearchYoutube -->
