<?xml version="1.0" encoding="UTF-8"?>
<!-- Generated by org.testng.reporters.JUnitReportReporter -->
<testsuite skipped="0" hostname="SLB-DW752X2" name="TestCases.QuoraHomePage" tests="1" failures="0" timestamp="2020-03-16T08:32:47 IST" time="35.452" errors="0">
  <testcase name="QuoraHome" time="35.452" classname="TestCases.QuoraHomePage"/>
</testsuite> <!-- TestCases.QuoraHomePage -->
