<?xml version="1.0" encoding="UTF-8"?>
<!-- Generated by org.testng.reporters.JUnitReportReporter -->
<testsuite skipped="0" hostname="SLB-DW752X2" name="TestCases.LoginFb" tests="1" failures="0" timestamp="2020-05-27T22:43:58 IST" time="12.953" errors="0">
  <testcase name="Login" time="12.953" classname="TestCases.LoginFb"/>
</testsuite> <!-- TestCases.LoginFb -->
