<?xml version="1.0" encoding="UTF-8"?>
<!-- Generated by org.testng.reporters.JUnitReportReporter -->
<testsuite skipped="1" hostname="MOHIT" name="Academy.navBarCheck" tests="1" failures="0" timestamp="30 Sep 2020 16:42:27 GMT" time="0.000" errors="0">
  <testcase name="navigationBarCheck" time="0.000" classname="Academy.navBarCheck">
    <skipped/>
  </testcase> <!-- navigationBarCheck -->
</testsuite> <!-- Academy.navBarCheck -->
