<?xml version="1.0" encoding="UTF-8"?>
<!-- Generated by org.testng.reporters.JUnitReportReporter -->
<testsuite skipped="0" hostname="MOHIT" name="gmail.LandPageModule" tests="1" failures="0" timestamp="30 Sep 2020 16:05:13 GMT" time="0.050" errors="0">
  <testcase name="countLink" time="0.050" classname="gmail.LandPageModule"/>
</testsuite> <!-- gmail.LandPageModule -->
